<?xml version="1.0" encoding="UTF-8"?>
<!-- Generated by org.testng.reporters.JUnitReportReporter -->
<testsuite hostname="asus-PC" name="com.onetrust.career.VerifyJobRequirement" tests="1" failures="0" timestamp="24 Jan 2017 05:41:48 GMT" time="86.409" errors="0">
  <testcase name="verifyRequirement" time="86.409" classname="com.onetrust.career.VerifyJobRequirement"/>
</testsuite> <!-- com.onetrust.career.VerifyJobRequirement -->
